# JRE version: Java(TM) SE Runtime Environment (8.0_111-b14) (build 1.8.0_111-b14)
# Java VM: Java HotSpot(TM) Client VM (25.111-b14 mixed mode windows-x86 )
Heap:
 def new generation   total 30976K, used 13094K [0x04400000, 0x06590000, 0x19950000)
  eden space 27584K,  47% used [0x04400000, 0x050c9920, 0x05ef0000)
  from space 3392K,   0% used [0x05ef0000, 0x05ef0000, 0x06240000)
  to   space 3392K,   0% used [0x06240000, 0x06240000, 0x06590000)
 tenured generation   total 68484K, used 41088K [0x19950000, 0x1dc31000, 0x44400000)
   the space 68484K,  59% used [0x19950000, 0x1c170048, 0x1c170200, 0x1dc31000)
 Metaspace       used 39938K, capacity 40947K, committed 41856K, reserved 42368K
GC Heap History (10 events):
Event: 70.827 GC heap before
{Heap before GC invocations=113 (full 5):
 def new generation   total 24768K, used 22387K [0x04400000, 0x05ee0000, 0x19950000)
  eden space 22016K, 100% used [0x04400000, 0x05980000, 0x05980000)
  from space 2752K,  13% used [0x05c30000, 0x05c8ce78, 0x05ee0000)
  to   space 2752K,   0% used [0x05980000, 0x05980000, 0x05c30000)
 tenured generation   total 54808K, used 45539K [0x19950000, 0x1ced6000, 0x44400000)
   the space 54808K,  83% used [0x19950000, 0x1c5c8f00, 0x1c5c9000, 0x1ced6000)
 Metaspace       used 38974K, capacity 40186K, committed 40192K, reserved 40320K
Event: 70.836 GC heap after
Heap after GC invocations=114 (full 5):
 def new generation   total 24768K, used 1843K [0x04400000, 0x05ee0000, 0x19950000)
  eden space 22016K,   0% used [0x04400000, 0x04400000, 0x05980000)
  from space 2752K,  66% used [0x05980000, 0x05b4cdc0, 0x05c30000)
  to   space 2752K,   0% used [0x05c30000, 0x05c30000, 0x05ee0000)
 tenured generation   total 54808K, used 45539K [0x19950000, 0x1ced6000, 0x44400000)
   the space 54808K,  83% used [0x19950000, 0x1c5c8f00, 0x1c5c9000, 0x1ced6000)
 Metaspace       used 38974K, capacity 40186K, committed 40192K, reserved 40320K
}
Event: 71.889 GC heap before
{Heap before GC invocations=114 (full 5):
 def new generation   total 24768K, used 23859K [0x04400000, 0x05ee0000, 0x19950000)
  eden space 22016K, 100% used [0x04400000, 0x05980000, 0x05980000)
  from space 2752K,  66% used [0x05980000, 0x05b4cdc0, 0x05c30000)
  to   space 2752K,   0% used [0x05c30000, 0x05c30000, 0x05ee0000)
 tenured generation   total 54808K, used 45539K [0x19950000, 0x1ced6000, 0x44400000)
   the space 54808K,  83% used [0x19950000, 0x1c5c8f00, 0x1c5c9000, 0x1ced6000)
 Metaspace       used 39552K, capacity 40792K, committed 40832K, reserved 41344K
Event: 71.903 GC heap after
Heap after GC invocations=115 (full 5):
 def new generation   total 24768K, used 2687K [0x04400000, 0x05ee0000, 0x19950000)
  eden space 22016K,   0% used [0x04400000, 0x04400000, 0x05980000)
  from space 2752K,  97% used [0x05c30000, 0x05ecfe70, 0x05ee0000)
  to   space 2752K,   0% used [0x05980000, 0x05980000, 0x05c30000)
 tenured generation   total 54808K, used 47335K [0x19950000, 0x1ced6000, 0x44400000)
   the space 54808K,  86% used [0x19950000, 0x1c789e70, 0x1c78a000, 0x1ced6000)
 Metaspace       used 39552K, capacity 40792K, committed 40832K, reserved 41344K
}
Event: 72.789 GC heap before
{Heap before GC invocations=115 (full 5):
 def new generation   total 24768K, used 24703K [0x04400000, 0x05ee0000, 0x19950000)
  eden space 22016K, 100% used [0x04400000, 0x05980000, 0x05980000)
  from space 2752K,  97% used [0x05c30000, 0x05ecfe70, 0x05ee0000)
  to   space 2752K,   0% used [0x05980000, 0x05980000, 0x05c30000)
 tenured generation   total 54808K, used 47335K [0x19950000, 0x1ced6000, 0x44400000)
   the space 54808K,  86% used [0x19950000, 0x1c789e70, 0x1c78a000, 0x1ced6000)
 Metaspace       used 39918K, capacity 41117K, committed 41216K, reserved 41344K
Event: 72.808 GC heap after
Heap after GC invocations=116 (full 5):
 def new generation   total 24768K, used 1585K [0x04400000, 0x05ee0000, 0x19950000)
  eden space 22016K,   0% used [0x04400000, 0x04400000, 0x05980000)
  from space 2752K,  57% used [0x05980000, 0x05b0c5e8, 0x05c30000)
  to   space 2752K,   0% used [0x05c30000, 0x05c30000, 0x05ee0000)
 tenured generation   total 54808K, used 49197K [0x19950000, 0x1ced6000, 0x44400000)
   the space 54808K,  89% used [0x19950000, 0x1c95b708, 0x1c95b800, 0x1ced6000)
 Metaspace       used 39918K, capacity 41117K, committed 41216K, reserved 41344K
}
Event: 74.503 GC heap before
{Heap before GC invocations=116 (full 5):
 def new generation   total 24768K, used 23601K [0x04400000, 0x05ee0000, 0x19950000)
  eden space 22016K, 100% used [0x04400000, 0x05980000, 0x05980000)
  from space 2752K,  57% used [0x05980000, 0x05b0c5e8, 0x05c30000)
  to   space 2752K,   0% used [0x05c30000, 0x05c30000, 0x05ee0000)
 tenured generation   total 54808K, used 49197K [0x19950000, 0x1ced6000, 0x44400000)
   the space 54808K,  89% used [0x19950000, 0x1c95b708, 0x1c95b800, 0x1ced6000)
 Metaspace       used 39918K, capacity 41117K, committed 41216K, reserved 41344K
Event: 74.554 GC heap after
Heap after GC invocations=117 (full 5):
 def new generation   total 24768K, used 2752K [0x04400000, 0x05ee0000, 0x19950000)
  eden space 22016K,   0% used [0x04400000, 0x04400000, 0x05980000)
  from space 2752K, 100% used [0x05c30000, 0x05ee0000, 0x05ee0000)
  to   space 2752K,   0% used [0x05980000, 0x05980000, 0x05c30000)
 tenured generation   total 54808K, used 52199K [0x19950000, 0x1ced6000, 0x44400000)
   the space 54808K,  95% used [0x19950000, 0x1cc49c10, 0x1cc49e00, 0x1ced6000)
 Metaspace       used 39918K, capacity 41117K, committed 41216K, reserved 41344K
}
Event: 84.500 GC heap before
{Heap before GC invocations=117 (full 5):
 def new generation   total 24768K, used 24768K [0x04400000, 0x05ee0000, 0x19950000)
  eden space 22016K, 100% used [0x04400000, 0x05980000, 0x05980000)
  from space 2752K, 100% used [0x05c30000, 0x05ee0000, 0x05ee0000)
  to   space 2752K,   0% used [0x05980000, 0x05980000, 0x05c30000)
 tenured generation   total 54808K, used 52199K [0x19950000, 0x1ced6000, 0x44400000)
   the space 54808K,  95% used [0x19950000, 0x1cc49c10, 0x1cc49e00, 0x1ced6000)
 Metaspace       used 40250K, capacity 41492K, committed 41600K, reserved 42368K
Event: 84.661 GC heap after
Heap after GC invocations=118 (full 6):
 def new generation   total 30976K, used 0K [0x04400000, 0x06590000, 0x19950000)
  eden space 27584K,   0% used [0x04400000, 0x04400000, 0x05ef0000)
  from space 3392K,   0% used [0x05ef0000, 0x05ef0000, 0x06240000)
  to   space 3392K,   0% used [0x06240000, 0x06240000, 0x06590000)
 tenured generation   total 68484K, used 41088K [0x19950000, 0x1dc31000, 0x44400000)
   the space 68484K,  59% used [0x19950000, 0x1c170048, 0x1c170200, 0x1dc31000)
 Metaspace       used 39608K, capacity 40622K, committed 41600K, reserved 42368K
}

